# JRE version: Java(TM) SE Runtime Environment (17.0.5+9) (build 17.0.5+9-LTS-191)
# Java VM: Java HotSpot(TM) 64-Bit Server VM (17.0.5+9-LTS-191, mixed mode, sharing, tiered, compressed oops, compressed class ptrs, g1 gc, windows-amd64)
GC Precious Log:
 CPUs: 8 total, 8 available
 Memory: 16289M
 Large Page Support: Disabled
 NUMA Support: Disabled
 Compressed Oops: Enabled (Zero based)
 Heap Region Size: 2M
 Heap Min Capacity: 8M
 Heap Initial Capacity: 256M
 Heap Max Capacity: 4074M
 Pre-touch: Disabled
 Parallel Workers: 8
 Concurrent Workers: 2
 Concurrent Refinement Workers: 8
 Periodic GC: Disabled
Heap:
 garbage-first heap   total 139264K, used 31398K [0x0000000701600000, 0x0000000800000000)
  region size 2048K, 5 young (10240K), 2 survivors (4096K)
 Metaspace       used 26818K, committed 27136K, reserved 1073152K
  class space    used 3099K, committed 3264K, reserved 1048576K
GC Heap History (14 events):
Event: 0.504 GC heap before
{Heap before GC invocations=0 (full 0):
 garbage-first heap   total 262144K, used 22528K [0x0000000701600000, 0x0000000800000000)
  region size 2048K, 11 young (22528K), 0 survivors (0K)
 Metaspace       used 4765K, committed 4928K, reserved 1056768K
  class space    used 560K, committed 640K, reserved 1048576K
}
Event: 0.507 GC heap after
{Heap after GC invocations=1 (full 0):
 garbage-first heap   total 262144K, used 3688K [0x0000000701600000, 0x0000000800000000)
  region size 2048K, 2 young (4096K), 2 survivors (4096K)
 Metaspace       used 4765K, committed 4928K, reserved 1056768K
  class space    used 560K, committed 640K, reserved 1048576K
}
Event: 1.089 GC heap before
{Heap before GC invocations=1 (full 0):
 garbage-first heap   total 262144K, used 34408K [0x0000000701600000, 0x0000000800000000)
  region size 2048K, 17 young (34816K), 2 survivors (4096K)
 Metaspace       used 10241K, committed 10432K, reserved 1064960K
  class space    used 1260K, committed 1344K, reserved 1048576K
}
Event: 1.094 GC heap after
{Heap after GC invocations=2 (full 0):
 garbage-first heap   total 262144K, used 5753K [0x0000000701600000, 0x0000000800000000)
  region size 2048K, 2 young (4096K), 2 survivors (4096K)
 Metaspace       used 10241K, committed 10432K, reserved 1064960K
  class space    used 1260K, committed 1344K, reserved 1048576K
}
Event: 2.566 GC heap before
{Heap before GC invocations=2 (full 0):
 garbage-first heap   total 262144K, used 93817K [0x0000000701600000, 0x0000000800000000)
  region size 2048K, 44 young (90112K), 2 survivors (4096K)
 Metaspace       used 21261K, committed 21504K, reserved 1073152K
  class space    used 2492K, committed 2624K, reserved 1048576K
}
Event: 2.574 GC heap after
{Heap after GC invocations=3 (full 0):
 garbage-first heap   total 262144K, used 18222K [0x0000000701600000, 0x0000000800000000)
  region size 2048K, 6 young (12288K), 6 survivors (12288K)
 Metaspace       used 21261K, committed 21504K, reserved 1073152K
  class space    used 2492K, committed 2624K, reserved 1048576K
}
Event: 3.148 GC heap before
{Heap before GC invocations=4 (full 0):
 garbage-first heap   total 75776K, used 50990K [0x0000000701600000, 0x0000000800000000)
  region size 2048K, 22 young (45056K), 6 survivors (12288K)
 Metaspace       used 23884K, committed 24128K, reserved 1073152K
  class space    used 2744K, committed 2880K, reserved 1048576K
}
Event: 3.166 GC heap after
{Heap after GC invocations=5 (full 0):
 garbage-first heap   total 75776K, used 22856K [0x0000000701600000, 0x0000000800000000)
  region size 2048K, 3 young (6144K), 3 survivors (6144K)
 Metaspace       used 23884K, committed 24128K, reserved 1073152K
  class space    used 2744K, committed 2880K, reserved 1048576K
}
Event: 3.192 GC heap before
{Heap before GC invocations=5 (full 0):
 garbage-first heap   total 75776K, used 24904K [0x0000000701600000, 0x0000000800000000)
  region size 2048K, 4 young (8192K), 3 survivors (6144K)
 Metaspace       used 24037K, committed 24256K, reserved 1073152K
  class space    used 2774K, committed 2880K, reserved 1048576K
}
Event: 3.200 GC heap after
{Heap after GC invocations=6 (full 0):
 garbage-first heap   total 75776K, used 24660K [0x0000000701600000, 0x0000000800000000)
  region size 2048K, 1 young (2048K), 1 survivors (2048K)
 Metaspace       used 24037K, committed 24256K, reserved 1073152K
  class space    used 2774K, committed 2880K, reserved 1048576K
}
Event: 3.724 GC heap before
{Heap before GC invocations=6 (full 0):
 garbage-first heap   total 75776K, used 47188K [0x0000000701600000, 0x0000000800000000)
  region size 2048K, 13 young (26624K), 1 survivors (2048K)
 Metaspace       used 25442K, committed 25664K, reserved 1073152K
  class space    used 2899K, committed 3008K, reserved 1048576K
}
Event: 3.734 GC heap after
{Heap after GC invocations=7 (full 0):
 garbage-first heap   total 75776K, used 25910K [0x0000000701600000, 0x0000000800000000)
  region size 2048K, 2 young (4096K), 2 survivors (4096K)
 Metaspace       used 25442K, committed 25664K, reserved 1073152K
  class space    used 2899K, committed 3008K, reserved 1048576K
}
Event: 3.984 GC heap before
{Heap before GC invocations=7 (full 0):
 garbage-first heap   total 75776K, used 50486K [0x0000000701600000, 0x0000000800000000)
  region size 2048K, 14 young (28672K), 2 survivors (4096K)
 Metaspace       used 26336K, committed 26560K, reserved 1073152K
  class space    used 3027K, committed 3136K, reserved 1048576K
}
Event: 3.989 GC heap after
{Heap after GC invocations=8 (full 0):
 garbage-first heap   total 139264K, used 27302K [0x0000000701600000, 0x0000000800000000)
  region size 2048K, 2 young (4096K), 2 survivors (4096K)
 Metaspace       used 26336K, committed 26560K, reserved 1073152K
  class space    used 3027K, committed 3136K, reserved 1048576K
}

