# JRE version: Java(TM) SE Runtime Environment (17.0.5+9) (build 17.0.5+9-LTS-191)
# Java VM: Java HotSpot(TM) 64-Bit Server VM (17.0.5+9-LTS-191, mixed mode, sharing, tiered, compressed oops, compressed class ptrs, g1 gc, windows-amd64)
GC Precious Log:
 CPUs: 8 total, 8 available
 Memory: 16289M
 Large Page Support: Disabled
 NUMA Support: Disabled
 Compressed Oops: Enabled (Zero based)
 Heap Region Size: 2M
 Heap Min Capacity: 8M
 Heap Initial Capacity: 256M
 Heap Max Capacity: 4074M
 Pre-touch: Disabled
 Parallel Workers: 8
 Concurrent Workers: 2
 Concurrent Refinement Workers: 8
 Periodic GC: Disabled
Heap:
 garbage-first heap   total 141312K, used 33431K [0x0000000701600000, 0x0000000800000000)
  region size 2048K, 6 young (12288K), 2 survivors (4096K)
 Metaspace       used 26828K, committed 27136K, reserved 1073152K
  class space    used 3101K, committed 3264K, reserved 1048576K
GC Heap History (14 events):
Event: 0.570 GC heap before
{Heap before GC invocations=0 (full 0):
 garbage-first heap   total 262144K, used 22528K [0x0000000701600000, 0x0000000800000000)
  region size 2048K, 11 young (22528K), 0 survivors (0K)
 Metaspace       used 4764K, committed 4928K, reserved 1056768K
  class space    used 560K, committed 640K, reserved 1048576K
}
Event: 0.573 GC heap after
{Heap after GC invocations=1 (full 0):
 garbage-first heap   total 262144K, used 3613K [0x0000000701600000, 0x0000000800000000)
  region size 2048K, 2 young (4096K), 2 survivors (4096K)
 Metaspace       used 4764K, committed 4928K, reserved 1056768K
  class space    used 560K, committed 640K, reserved 1048576K
}
Event: 1.149 GC heap before
{Heap before GC invocations=1 (full 0):
 garbage-first heap   total 262144K, used 34333K [0x0000000701600000, 0x0000000800000000)
  region size 2048K, 17 young (34816K), 2 survivors (4096K)
 Metaspace       used 10247K, committed 10432K, reserved 1064960K
  class space    used 1259K, committed 1344K, reserved 1048576K
}
Event: 1.153 GC heap after
{Heap after GC invocations=2 (full 0):
 garbage-first heap   total 262144K, used 5846K [0x0000000701600000, 0x0000000800000000)
  region size 2048K, 2 young (4096K), 2 survivors (4096K)
 Metaspace       used 10247K, committed 10432K, reserved 1064960K
  class space    used 1259K, committed 1344K, reserved 1048576K
}
Event: 2.644 GC heap before
{Heap before GC invocations=2 (full 0):
 garbage-first heap   total 262144K, used 93910K [0x0000000701600000, 0x0000000800000000)
  region size 2048K, 44 young (90112K), 2 survivors (4096K)
 Metaspace       used 21255K, committed 21504K, reserved 1073152K
  class space    used 2485K, committed 2624K, reserved 1048576K
}
Event: 2.651 GC heap after
{Heap after GC invocations=3 (full 0):
 garbage-first heap   total 262144K, used 18447K [0x0000000701600000, 0x0000000800000000)
  region size 2048K, 6 young (12288K), 6 survivors (12288K)
 Metaspace       used 21255K, committed 21504K, reserved 1073152K
  class space    used 2485K, committed 2624K, reserved 1048576K
}
Event: 3.226 GC heap before
{Heap before GC invocations=4 (full 0):
 garbage-first heap   total 75776K, used 51215K [0x0000000701600000, 0x0000000800000000)
  region size 2048K, 22 young (45056K), 6 survivors (12288K)
 Metaspace       used 23957K, committed 24192K, reserved 1073152K
  class space    used 2747K, committed 2880K, reserved 1048576K
}
Event: 3.239 GC heap after
{Heap after GC invocations=5 (full 0):
 garbage-first heap   total 75776K, used 22651K [0x0000000701600000, 0x0000000800000000)
  region size 2048K, 3 young (6144K), 3 survivors (6144K)
 Metaspace       used 23957K, committed 24192K, reserved 1073152K
  class space    used 2747K, committed 2880K, reserved 1048576K
}
Event: 3.263 GC heap before
{Heap before GC invocations=5 (full 0):
 garbage-first heap   total 75776K, used 24699K [0x0000000701600000, 0x0000000800000000)
  region size 2048K, 4 young (8192K), 3 survivors (6144K)
 Metaspace       used 24100K, committed 24320K, reserved 1073152K
  class space    used 2777K, committed 2880K, reserved 1048576K
}
Event: 3.271 GC heap after
{Heap after GC invocations=6 (full 0):
 garbage-first heap   total 75776K, used 24713K [0x0000000701600000, 0x0000000800000000)
  region size 2048K, 1 young (2048K), 1 survivors (2048K)
 Metaspace       used 24100K, committed 24320K, reserved 1073152K
  class space    used 2777K, committed 2880K, reserved 1048576K
}
Event: 3.762 GC heap before
{Heap before GC invocations=6 (full 0):
 garbage-first heap   total 75776K, used 47241K [0x0000000701600000, 0x0000000800000000)
  region size 2048K, 13 young (26624K), 1 survivors (2048K)
 Metaspace       used 25458K, committed 25664K, reserved 1073152K
  class space    used 2903K, committed 3008K, reserved 1048576K
}
Event: 3.770 GC heap after
{Heap after GC invocations=7 (full 0):
 garbage-first heap   total 75776K, used 25748K [0x0000000701600000, 0x0000000800000000)
  region size 2048K, 2 young (4096K), 2 survivors (4096K)
 Metaspace       used 25458K, committed 25664K, reserved 1073152K
  class space    used 2903K, committed 3008K, reserved 1048576K
}
Event: 4.006 GC heap before
{Heap before GC invocations=7 (full 0):
 garbage-first heap   total 75776K, used 50324K [0x0000000701600000, 0x0000000800000000)
  region size 2048K, 14 young (28672K), 2 survivors (4096K)
 Metaspace       used 26360K, committed 26624K, reserved 1073152K
  class space    used 3033K, committed 3136K, reserved 1048576K
}
Event: 4.010 GC heap after
{Heap after GC invocations=8 (full 0):
 garbage-first heap   total 141312K, used 27287K [0x0000000701600000, 0x0000000800000000)
  region size 2048K, 2 young (4096K), 2 survivors (4096K)
 Metaspace       used 26360K, committed 26624K, reserved 1073152K
  class space    used 3033K, committed 3136K, reserved 1048576K
}

