# JRE version: Java(TM) SE Runtime Environment (17.0.5+9) (build 17.0.5+9-LTS-191)
# Java VM: Java HotSpot(TM) 64-Bit Server VM (17.0.5+9-LTS-191, mixed mode, sharing, tiered, compressed oops, compressed class ptrs, parallel gc, windows-amd64)
GC Precious Log:
 CPUs: 8 total, 8 available
 Memory: 16289M
 Large Page Support: Disabled
 NUMA Support: Disabled
 Compressed Oops: Enabled (32-bit)
 Alignments: Space 512K, Generation 512K, Heap 2M
 Heap Min Capacity: 100M
 Heap Initial Capacity: 100M
 Heap Max Capacity: 1G
 Pre-touch: Disabled
 Parallel Workers: 8
Heap:
 PSYoungGen      total 25600K, used 25598K [0x00000000eab00000, 0x00000000ed780000, 0x0000000100000000)
  eden space 13312K, 100% used [0x00000000eab00000,0x00000000eb800000,0x00000000eb800000)
  from space 12288K, 99% used [0x00000000ec680000,0x00000000ed27f910,0x00000000ed280000)
  to   space 14848K, 0% used [0x00000000eb800000,0x00000000eb800000,0x00000000ec680000)
 ParOldGen       total 199680K, used 154303K [0x00000000c0000000, 0x00000000cc300000, 0x00000000eab00000)
  object space 199680K, 77% used [0x00000000c0000000,0x00000000c96afe28,0x00000000cc300000)
 Metaspace       used 84112K, committed 85248K, reserved 1130496K
  class space    used 7995K, committed 8512K, reserved 1048576K
GC Heap History (20 events):
Event: 7856.139 GC heap before
{Heap before GC invocations=10700 (full 238):
 PSYoungGen      total 19968K, used 19966K [0x00000000eab00000, 0x00000000ec980000, 0x0000000100000000)
  eden space 14848K, 100% used [0x00000000eab00000,0x00000000eb980000,0x00000000eb980000)
  from space 5120K, 99% used [0x00000000ec480000,0x00000000ec97f910,0x00000000ec980000)
  to   space 7168K, 0% used [0x00000000ebb80000,0x00000000ebb80000,0x00000000ec280000)
 ParOldGen       total 199680K, used 144045K [0x00000000c0000000, 0x00000000cc300000, 0x00000000eab00000)
  object space 199680K, 72% used [0x00000000c0000000,0x00000000c8cab748,0x00000000cc300000)
 Metaspace       used 84107K, committed 85248K, reserved 1130496K
  class space    used 7995K, committed 8512K, reserved 1048576K
}
Event: 7856.145 GC heap after
{Heap after GC invocations=10700 (full 238):
 PSYoungGen      total 20992K, used 6072K [0x00000000eab00000, 0x00000000ec680000, 0x0000000100000000)
  eden space 14848K, 0% used [0x00000000eab00000,0x00000000eab00000,0x00000000eb980000)
  from space 6144K, 98% used [0x00000000ebb80000,0x00000000ec16e150,0x00000000ec180000)
  to   space 5120K, 0% used [0x00000000ec180000,0x00000000ec180000,0x00000000ec680000)
 ParOldGen       total 199680K, used 144045K [0x00000000c0000000, 0x00000000cc300000, 0x00000000eab00000)
  object space 199680K, 72% used [0x00000000c0000000,0x00000000c8cab748,0x00000000cc300000)
 Metaspace       used 84107K, committed 85248K, reserved 1130496K
  class space    used 7995K, committed 8512K, reserved 1048576K
}
Event: 7856.200 GC heap before
{Heap before GC invocations=10701 (full 238):
 PSYoungGen      total 20992K, used 20920K [0x00000000eab00000, 0x00000000ec680000, 0x0000000100000000)
  eden space 14848K, 100% used [0x00000000eab00000,0x00000000eb980000,0x00000000eb980000)
  from space 6144K, 98% used [0x00000000ebb80000,0x00000000ec16e150,0x00000000ec180000)
  to   space 5120K, 0% used [0x00000000ec180000,0x00000000ec180000,0x00000000ec680000)
 ParOldGen       total 199680K, used 144045K [0x00000000c0000000, 0x00000000cc300000, 0x00000000eab00000)
  object space 199680K, 72% used [0x00000000c0000000,0x00000000c8cab748,0x00000000cc300000)
 Metaspace       used 84107K, committed 85248K, reserved 1130496K
  class space    used 7995K, committed 8512K, reserved 1048576K
}
Event: 7856.206 GC heap after
{Heap after GC invocations=10701 (full 238):
 PSYoungGen      total 18432K, used 5102K [0x00000000eab00000, 0x00000000ecc80000, 0x0000000100000000)
  eden space 13312K, 0% used [0x00000000eab00000,0x00000000eab00000,0x00000000eb800000)
  from space 5120K, 99% used [0x00000000ec180000,0x00000000ec67b8d0,0x00000000ec680000)
  to   space 9728K, 0% used [0x00000000eb800000,0x00000000eb800000,0x00000000ec180000)
 ParOldGen       total 199680K, used 147799K [0x00000000c0000000, 0x00000000cc300000, 0x00000000eab00000)
  object space 199680K, 74% used [0x00000000c0000000,0x00000000c9055f80,0x00000000cc300000)
 Metaspace       used 84107K, committed 85248K, reserved 1130496K
  class space    used 7995K, committed 8512K, reserved 1048576K
}
Event: 7856.264 GC heap before
{Heap before GC invocations=10702 (full 238):
 PSYoungGen      total 18432K, used 18414K [0x00000000eab00000, 0x00000000ecc80000, 0x0000000100000000)
  eden space 13312K, 100% used [0x00000000eab00000,0x00000000eb800000,0x00000000eb800000)
  from space 5120K, 99% used [0x00000000ec180000,0x00000000ec67b8d0,0x00000000ec680000)
  to   space 9728K, 0% used [0x00000000eb800000,0x00000000eb800000,0x00000000ec180000)
 ParOldGen       total 199680K, used 147799K [0x00000000c0000000, 0x00000000cc300000, 0x00000000eab00000)
  object space 199680K, 74% used [0x00000000c0000000,0x00000000c9055f80,0x00000000cc300000)
 Metaspace       used 84107K, committed 85248K, reserved 1130496K
  class space    used 7995K, committed 8512K, reserved 1048576K
}
Event: 7856.269 GC heap after
{Heap after GC invocations=10702 (full 238):
 PSYoungGen      total 22528K, used 8841K [0x00000000eab00000, 0x00000000eca00000, 0x0000000100000000)
  eden space 13312K, 0% used [0x00000000eab00000,0x00000000eab00000,0x00000000eb800000)
  from space 9216K, 95% used [0x00000000eb800000,0x00000000ec0a2710,0x00000000ec100000)
  to   space 9216K, 0% used [0x00000000ec100000,0x00000000ec100000,0x00000000eca00000)
 ParOldGen       total 199680K, used 147799K [0x00000000c0000000, 0x00000000cc300000, 0x00000000eab00000)
  object space 199680K, 74% used [0x00000000c0000000,0x00000000c9055f80,0x00000000cc300000)
 Metaspace       used 84107K, committed 85248K, reserved 1130496K
  class space    used 7995K, committed 8512K, reserved 1048576K
}
Event: 7856.310 GC heap before
{Heap before GC invocations=10703 (full 238):
 PSYoungGen      total 22528K, used 22062K [0x00000000eab00000, 0x00000000eca00000, 0x0000000100000000)
  eden space 13312K, 99% used [0x00000000eab00000,0x00000000eb7e9440,0x00000000eb800000)
  from space 9216K, 95% used [0x00000000eb800000,0x00000000ec0a2710,0x00000000ec100000)
  to   space 9216K, 0% used [0x00000000ec100000,0x00000000ec100000,0x00000000eca00000)
 ParOldGen       total 199680K, used 147799K [0x00000000c0000000, 0x00000000cc300000, 0x00000000eab00000)
  object space 199680K, 74% used [0x00000000c0000000,0x00000000c9055f80,0x00000000cc300000)
 Metaspace       used 84107K, committed 85248K, reserved 1130496K
  class space    used 7995K, committed 8512K, reserved 1048576K
}
Event: 7856.315 GC heap after
{Heap after GC invocations=10703 (full 238):
 PSYoungGen      total 20992K, used 9215K [0x00000000eab00000, 0x00000000ecd00000, 0x0000000100000000)
  eden space 11776K, 0% used [0x00000000eab00000,0x00000000eab00000,0x00000000eb680000)
  from space 9216K, 99% used [0x00000000ec100000,0x00000000ec9fff30,0x00000000eca00000)
  to   space 10752K, 0% used [0x00000000eb680000,0x00000000eb680000,0x00000000ec100000)
 ParOldGen       total 199680K, used 148673K [0x00000000c0000000, 0x00000000cc300000, 0x00000000eab00000)
  object space 199680K, 74% used [0x00000000c0000000,0x00000000c9130780,0x00000000cc300000)
 Metaspace       used 84107K, committed 85248K, reserved 1130496K
  class space    used 7995K, committed 8512K, reserved 1048576K
}
Event: 7856.346 GC heap before
{Heap before GC invocations=10704 (full 238):
 PSYoungGen      total 20992K, used 20991K [0x00000000eab00000, 0x00000000ecd00000, 0x0000000100000000)
  eden space 11776K, 100% used [0x00000000eab00000,0x00000000eb680000,0x00000000eb680000)
  from space 9216K, 99% used [0x00000000ec100000,0x00000000ec9fff30,0x00000000eca00000)
  to   space 10752K, 0% used [0x00000000eb680000,0x00000000eb680000,0x00000000ec100000)
 ParOldGen       total 199680K, used 148673K [0x00000000c0000000, 0x00000000cc300000, 0x00000000eab00000)
  object space 199680K, 74% used [0x00000000c0000000,0x00000000c9130780,0x00000000cc300000)
 Metaspace       used 84108K, committed 85248K, reserved 1130496K
  class space    used 7995K, committed 8512K, reserved 1048576K
}
Event: 7856.351 GC heap after
{Heap after GC invocations=10704 (full 238):
 PSYoungGen      total 22528K, used 10094K [0x00000000eab00000, 0x00000000ecc00000, 0x0000000100000000)
  eden space 11776K, 0% used [0x00000000eab00000,0x00000000eab00000,0x00000000eb680000)
  from space 10752K, 93% used [0x00000000eb680000,0x00000000ec05b8d0,0x00000000ec100000)
  to   space 10240K, 0% used [0x00000000ec200000,0x00000000ec200000,0x00000000ecc00000)
 ParOldGen       total 199680K, used 148673K [0x00000000c0000000, 0x00000000cc300000, 0x00000000eab00000)
  object space 199680K, 74% used [0x00000000c0000000,0x00000000c9130780,0x00000000cc300000)
 Metaspace       used 84108K, committed 85248K, reserved 1130496K
  class space    used 7995K, committed 8512K, reserved 1048576K
}
Event: 7856.390 GC heap before
{Heap before GC invocations=10705 (full 238):
 PSYoungGen      total 22528K, used 21870K [0x00000000eab00000, 0x00000000ecc00000, 0x0000000100000000)
  eden space 11776K, 100% used [0x00000000eab00000,0x00000000eb680000,0x00000000eb680000)
  from space 10752K, 93% used [0x00000000eb680000,0x00000000ec05b8d0,0x00000000ec100000)
  to   space 10240K, 0% used [0x00000000ec200000,0x00000000ec200000,0x00000000ecc00000)
 ParOldGen       total 199680K, used 148673K [0x00000000c0000000, 0x00000000cc300000, 0x00000000eab00000)
  object space 199680K, 74% used [0x00000000c0000000,0x00000000c9130780,0x00000000cc300000)
 Metaspace       used 84108K, committed 85248K, reserved 1130496K
  class space    used 7995K, committed 8512K, reserved 1048576K
}
Event: 7856.396 GC heap after
{Heap after GC invocations=10705 (full 238):
 PSYoungGen      total 22528K, used 10223K [0x00000000eab00000, 0x00000000ece00000, 0x0000000100000000)
  eden space 12288K, 0% used [0x00000000eab00000,0x00000000eab00000,0x00000000eb700000)
  from space 10240K, 99% used [0x00000000ec200000,0x00000000ecbfbf40,0x00000000ecc00000)
  to   space 11264K, 0% used [0x00000000eb700000,0x00000000eb700000,0x00000000ec200000)
 ParOldGen       total 199680K, used 149441K [0x00000000c0000000, 0x00000000cc300000, 0x00000000eab00000)
  object space 199680K, 74% used [0x00000000c0000000,0x00000000c91f0790,0x00000000cc300000)
 Metaspace       used 84108K, committed 85248K, reserved 1130496K
  class space    used 7995K, committed 8512K, reserved 1048576K
}
Event: 7856.438 GC heap before
{Heap before GC invocations=10706 (full 238):
 PSYoungGen      total 22528K, used 22511K [0x00000000eab00000, 0x00000000ece00000, 0x0000000100000000)
  eden space 12288K, 100% used [0x00000000eab00000,0x00000000eb700000,0x00000000eb700000)
  from space 10240K, 99% used [0x00000000ec200000,0x00000000ecbfbf40,0x00000000ecc00000)
  to   space 11264K, 0% used [0x00000000eb700000,0x00000000eb700000,0x00000000ec200000)
 ParOldGen       total 199680K, used 149441K [0x00000000c0000000, 0x00000000cc300000, 0x00000000eab00000)
  object space 199680K, 74% used [0x00000000c0000000,0x00000000c91f0790,0x00000000cc300000)
 Metaspace       used 84111K, committed 85248K, reserved 1130496K
  class space    used 7995K, committed 8512K, reserved 1048576K
}
Event: 7856.446 GC heap after
{Heap after GC invocations=10706 (full 238):
 PSYoungGen      total 23552K, used 11255K [0x00000000eab00000, 0x00000000ed580000, 0x0000000100000000)
  eden space 12288K, 0% used [0x00000000eab00000,0x00000000eab00000,0x00000000eb700000)
  from space 11264K, 99% used [0x00000000eb700000,0x00000000ec1fdd20,0x00000000ec200000)
  to   space 14848K, 0% used [0x00000000ec700000,0x00000000ec700000,0x00000000ed580000)
 ParOldGen       total 199680K, used 152148K [0x00000000c0000000, 0x00000000cc300000, 0x00000000eab00000)
  object space 199680K, 76% used [0x00000000c0000000,0x00000000c9495000,0x00000000cc300000)
 Metaspace       used 84111K, committed 85248K, reserved 1130496K
  class space    used 7995K, committed 8512K, reserved 1048576K
}
Event: 7856.485 GC heap before
{Heap before GC invocations=10707 (full 238):
 PSYoungGen      total 23552K, used 23543K [0x00000000eab00000, 0x00000000ed580000, 0x0000000100000000)
  eden space 12288K, 100% used [0x00000000eab00000,0x00000000eb700000,0x00000000eb700000)
  from space 11264K, 99% used [0x00000000eb700000,0x00000000ec1fdd20,0x00000000ec200000)
  to   space 14848K, 0% used [0x00000000ec700000,0x00000000ec700000,0x00000000ed580000)
 ParOldGen       total 199680K, used 152148K [0x00000000c0000000, 0x00000000cc300000, 0x00000000eab00000)
  object space 199680K, 76% used [0x00000000c0000000,0x00000000c9495000,0x00000000cc300000)
 Metaspace       used 84111K, committed 85248K, reserved 1130496K
  class space    used 7995K, committed 8512K, reserved 1048576K
}
Event: 7856.493 GC heap after
{Heap after GC invocations=10707 (full 238):
 PSYoungGen      total 26112K, used 11879K [0x00000000eab00000, 0x00000000ed300000, 0x0000000100000000)
  eden space 13824K, 0% used [0x00000000eab00000,0x00000000eab00000,0x00000000eb880000)
  from space 12288K, 96% used [0x00000000ec700000,0x00000000ed299d10,0x00000000ed300000)
  to   space 12800K, 0% used [0x00000000eba00000,0x00000000eba00000,0x00000000ec680000)
 ParOldGen       total 199680K, used 152148K [0x00000000c0000000, 0x00000000cc300000, 0x00000000eab00000)
  object space 199680K, 76% used [0x00000000c0000000,0x00000000c9495000,0x00000000cc300000)
 Metaspace       used 84111K, committed 85248K, reserved 1130496K
  class space    used 7995K, committed 8512K, reserved 1048576K
}
Event: 7856.551 GC heap before
{Heap before GC invocations=10708 (full 238):
 PSYoungGen      total 26112K, used 25703K [0x00000000eab00000, 0x00000000ed300000, 0x0000000100000000)
  eden space 13824K, 100% used [0x00000000eab00000,0x00000000eb880000,0x00000000eb880000)
  from space 12288K, 96% used [0x00000000ec700000,0x00000000ed299d10,0x00000000ed300000)
  to   space 12800K, 0% used [0x00000000eba00000,0x00000000eba00000,0x00000000ec680000)
 ParOldGen       total 199680K, used 152148K [0x00000000c0000000, 0x00000000cc300000, 0x00000000eab00000)
  object space 199680K, 76% used [0x00000000c0000000,0x00000000c9495000,0x00000000cc300000)
 Metaspace       used 84111K, committed 85248K, reserved 1130496K
  class space    used 7995K, committed 8512K, reserved 1048576K
}
Event: 7856.560 GC heap after
{Heap after GC invocations=10708 (full 238):
 PSYoungGen      total 28160K, used 12198K [0x00000000eab00000, 0x00000000ed280000, 0x0000000100000000)
  eden space 15360K, 0% used [0x00000000eab00000,0x00000000eab00000,0x00000000eba00000)
  from space 12800K, 95% used [0x00000000eba00000,0x00000000ec5e9ae0,0x00000000ec680000)
  to   space 12288K, 0% used [0x00000000ec680000,0x00000000ec680000,0x00000000ed280000)
 ParOldGen       total 199680K, used 152148K [0x00000000c0000000, 0x00000000cc300000, 0x00000000eab00000)
  object space 199680K, 76% used [0x00000000c0000000,0x00000000c9495000,0x00000000cc300000)
 Metaspace       used 84111K, committed 85248K, reserved 1130496K
  class space    used 7995K, committed 8512K, reserved 1048576K
}
Event: 7856.593 GC heap before
{Heap before GC invocations=10709 (full 238):
 PSYoungGen      total 28160K, used 27558K [0x00000000eab00000, 0x00000000ed280000, 0x0000000100000000)
  eden space 15360K, 100% used [0x00000000eab00000,0x00000000eba00000,0x00000000eba00000)
  from space 12800K, 95% used [0x00000000eba00000,0x00000000ec5e9ae0,0x00000000ec680000)
  to   space 12288K, 0% used [0x00000000ec680000,0x00000000ec680000,0x00000000ed280000)
 ParOldGen       total 199680K, used 152148K [0x00000000c0000000, 0x00000000cc300000, 0x00000000eab00000)
  object space 199680K, 76% used [0x00000000c0000000,0x00000000c9495018,0x00000000cc300000)
 Metaspace       used 84112K, committed 85248K, reserved 1130496K
  class space    used 7995K, committed 8512K, reserved 1048576K
}
Event: 7856.600 GC heap after
{Heap after GC invocations=10709 (full 238):
 PSYoungGen      total 25600K, used 12286K [0x00000000eab00000, 0x00000000ed780000, 0x0000000100000000)
  eden space 13312K, 0% used [0x00000000eab00000,0x00000000eab00000,0x00000000eb800000)
  from space 12288K, 99% used [0x00000000ec680000,0x00000000ed27f910,0x00000000ed280000)
  to   space 14848K, 0% used [0x00000000eb800000,0x00000000eb800000,0x00000000ec680000)
 ParOldGen       total 199680K, used 154300K [0x00000000c0000000, 0x00000000cc300000, 0x00000000eab00000)
  object space 199680K, 77% used [0x00000000c0000000,0x00000000c96af2d8,0x00000000cc300000)
 Metaspace       used 84112K, committed 85248K, reserved 1130496K
  class space    used 7995K, committed 8512K, reserved 1048576K
}

