# JRE version: Java(TM) SE Runtime Environment (17.0.5+9) (build 17.0.5+9-LTS-191)
# Java VM: Java HotSpot(TM) 64-Bit Server VM (17.0.5+9-LTS-191, mixed mode, sharing, tiered, compressed oops, compressed class ptrs, parallel gc, windows-amd64)
GC Precious Log:
 CPUs: 8 total, 8 available
 Memory: 16289M
 Large Page Support: Disabled
 NUMA Support: Disabled
 Compressed Oops: Enabled (32-bit)
 Alignments: Space 512K, Generation 512K, Heap 2M
 Heap Min Capacity: 100M
 Heap Initial Capacity: 100M
 Heap Max Capacity: 1G
 Pre-touch: Disabled
 Parallel Workers: 8
Heap:
 PSYoungGen      total 4096K, used 1729K [0x00000000eab00000, 0x00000000eb100000, 0x0000000100000000)
  eden space 3072K, 23% used [0x00000000eab00000,0x00000000eabb4468,0x00000000eae00000)
  from space 1024K, 98% used [0x00000000eae00000,0x00000000eaefc010,0x00000000eaf00000)
  to   space 1536K, 0% used [0x00000000eaf80000,0x00000000eaf80000,0x00000000eb100000)
 ParOldGen       total 189440K, used 186168K [0x00000000c0000000, 0x00000000cb900000, 0x00000000eab00000)
  object space 189440K, 98% used [0x00000000c0000000,0x00000000cb5ce110,0x00000000cb900000)
 Metaspace       used 85485K, committed 86784K, reserved 1130496K
  class space    used 7986K, committed 8576K, reserved 1048576K
GC Heap History (20 events):
Event: 2715.245 GC heap before
{Heap before GC invocations=12719 (full 201):
 PSYoungGen      total 3072K, used 2816K [0x00000000eab00000, 0x00000000eaf00000, 0x0000000100000000)
  eden space 2560K, 100% used [0x00000000eab00000,0x00000000ead80000,0x00000000ead80000)
  from space 512K, 50% used [0x00000000ead80000,0x00000000eadc0000,0x00000000eae00000)
  to   space 512K, 0% used [0x00000000eae80000,0x00000000eae80000,0x00000000eaf00000)
 ParOldGen       total 189440K, used 184719K [0x00000000c0000000, 0x00000000cb900000, 0x00000000eab00000)
  object space 189440K, 97% used [0x00000000c0000000,0x00000000cb463f30,0x00000000cb900000)
 Metaspace       used 85485K, committed 86784K, reserved 1130496K
  class space    used 7986K, committed 8576K, reserved 1048576K
}
Event: 2715.246 GC heap after
{Heap after GC invocations=12719 (full 201):
 PSYoungGen      total 3584K, used 256K [0x00000000eab00000, 0x00000000eaf00000, 0x0000000100000000)
  eden space 3072K, 0% used [0x00000000eab00000,0x00000000eab00000,0x00000000eae00000)
  from space 512K, 50% used [0x00000000eae80000,0x00000000eaec0000,0x00000000eaf00000)
  to   space 512K, 0% used [0x00000000eae00000,0x00000000eae00000,0x00000000eae80000)
 ParOldGen       total 189440K, used 184767K [0x00000000c0000000, 0x00000000cb900000, 0x00000000eab00000)
  object space 189440K, 97% used [0x00000000c0000000,0x00000000cb46ff30,0x00000000cb900000)
 Metaspace       used 85485K, committed 86784K, reserved 1130496K
  class space    used 7986K, committed 8576K, reserved 1048576K
}
Event: 2715.265 GC heap before
{Heap before GC invocations=12720 (full 201):
 PSYoungGen      total 3584K, used 3328K [0x00000000eab00000, 0x00000000eaf00000, 0x0000000100000000)
  eden space 3072K, 100% used [0x00000000eab00000,0x00000000eae00000,0x00000000eae00000)
  from space 512K, 50% used [0x00000000eae80000,0x00000000eaec0000,0x00000000eaf00000)
  to   space 512K, 0% used [0x00000000eae00000,0x00000000eae00000,0x00000000eae80000)
 ParOldGen       total 189440K, used 184767K [0x00000000c0000000, 0x00000000cb900000, 0x00000000eab00000)
  object space 189440K, 97% used [0x00000000c0000000,0x00000000cb46ff30,0x00000000cb900000)
 Metaspace       used 85485K, committed 86784K, reserved 1130496K
  class space    used 7986K, committed 8576K, reserved 1048576K
}
Event: 2715.267 GC heap after
{Heap after GC invocations=12720 (full 201):
 PSYoungGen      total 3584K, used 256K [0x00000000eab00000, 0x00000000eb000000, 0x0000000100000000)
  eden space 3072K, 0% used [0x00000000eab00000,0x00000000eab00000,0x00000000eae00000)
  from space 512K, 50% used [0x00000000eae00000,0x00000000eae40000,0x00000000eae80000)
  to   space 512K, 0% used [0x00000000eaf80000,0x00000000eaf80000,0x00000000eb000000)
 ParOldGen       total 189440K, used 184831K [0x00000000c0000000, 0x00000000cb900000, 0x00000000eab00000)
  object space 189440K, 97% used [0x00000000c0000000,0x00000000cb47ff30,0x00000000cb900000)
 Metaspace       used 85485K, committed 86784K, reserved 1130496K
  class space    used 7986K, committed 8576K, reserved 1048576K
}
Event: 2715.287 GC heap before
{Heap before GC invocations=12721 (full 201):
 PSYoungGen      total 3584K, used 3328K [0x00000000eab00000, 0x00000000eb000000, 0x0000000100000000)
  eden space 3072K, 100% used [0x00000000eab00000,0x00000000eae00000,0x00000000eae00000)
  from space 512K, 50% used [0x00000000eae00000,0x00000000eae40000,0x00000000eae80000)
  to   space 512K, 0% used [0x00000000eaf80000,0x00000000eaf80000,0x00000000eb000000)
 ParOldGen       total 189440K, used 184831K [0x00000000c0000000, 0x00000000cb900000, 0x00000000eab00000)
  object space 189440K, 97% used [0x00000000c0000000,0x00000000cb47ff30,0x00000000cb900000)
 Metaspace       used 85485K, committed 86784K, reserved 1130496K
  class space    used 7986K, committed 8576K, reserved 1048576K
}
Event: 2715.289 GC heap after
{Heap after GC invocations=12721 (full 201):
 PSYoungGen      total 3584K, used 256K [0x00000000eab00000, 0x00000000eb000000, 0x0000000100000000)
  eden space 3072K, 0% used [0x00000000eab00000,0x00000000eab00000,0x00000000eae00000)
  from space 512K, 50% used [0x00000000eaf80000,0x00000000eafc0000,0x00000000eb000000)
  to   space 512K, 0% used [0x00000000eae00000,0x00000000eae00000,0x00000000eae80000)
 ParOldGen       total 189440K, used 184895K [0x00000000c0000000, 0x00000000cb900000, 0x00000000eab00000)
  object space 189440K, 97% used [0x00000000c0000000,0x00000000cb48ff30,0x00000000cb900000)
 Metaspace       used 85485K, committed 86784K, reserved 1130496K
  class space    used 7986K, committed 8576K, reserved 1048576K
}
Event: 2715.311 GC heap before
{Heap before GC invocations=12722 (full 201):
 PSYoungGen      total 3584K, used 3328K [0x00000000eab00000, 0x00000000eb000000, 0x0000000100000000)
  eden space 3072K, 100% used [0x00000000eab00000,0x00000000eae00000,0x00000000eae00000)
  from space 512K, 50% used [0x00000000eaf80000,0x00000000eafc0000,0x00000000eb000000)
  to   space 512K, 0% used [0x00000000eae00000,0x00000000eae00000,0x00000000eae80000)
 ParOldGen       total 189440K, used 184895K [0x00000000c0000000, 0x00000000cb900000, 0x00000000eab00000)
  object space 189440K, 97% used [0x00000000c0000000,0x00000000cb48ff30,0x00000000cb900000)
 Metaspace       used 85485K, committed 86784K, reserved 1130496K
  class space    used 7986K, committed 8576K, reserved 1048576K
}
Event: 2715.313 GC heap after
{Heap after GC invocations=12722 (full 201):
 PSYoungGen      total 3584K, used 256K [0x00000000eab00000, 0x00000000eb000000, 0x0000000100000000)
  eden space 3072K, 0% used [0x00000000eab00000,0x00000000eab00000,0x00000000eae00000)
  from space 512K, 50% used [0x00000000eae00000,0x00000000eae40000,0x00000000eae80000)
  to   space 512K, 0% used [0x00000000eaf80000,0x00000000eaf80000,0x00000000eb000000)
 ParOldGen       total 189440K, used 184967K [0x00000000c0000000, 0x00000000cb900000, 0x00000000eab00000)
  object space 189440K, 97% used [0x00000000c0000000,0x00000000cb4a1f30,0x00000000cb900000)
 Metaspace       used 85485K, committed 86784K, reserved 1130496K
  class space    used 7986K, committed 8576K, reserved 1048576K
}
Event: 2715.332 GC heap before
{Heap before GC invocations=12723 (full 201):
 PSYoungGen      total 3584K, used 3328K [0x00000000eab00000, 0x00000000eb000000, 0x0000000100000000)
  eden space 3072K, 100% used [0x00000000eab00000,0x00000000eae00000,0x00000000eae00000)
  from space 512K, 50% used [0x00000000eae00000,0x00000000eae40000,0x00000000eae80000)
  to   space 512K, 0% used [0x00000000eaf80000,0x00000000eaf80000,0x00000000eb000000)
 ParOldGen       total 189440K, used 184967K [0x00000000c0000000, 0x00000000cb900000, 0x00000000eab00000)
  object space 189440K, 97% used [0x00000000c0000000,0x00000000cb4a1f30,0x00000000cb900000)
 Metaspace       used 85485K, committed 86784K, reserved 1130496K
  class space    used 7986K, committed 8576K, reserved 1048576K
}
Event: 2715.334 GC heap after
{Heap after GC invocations=12723 (full 201):
 PSYoungGen      total 3584K, used 256K [0x00000000eab00000, 0x00000000eb000000, 0x0000000100000000)
  eden space 3072K, 0% used [0x00000000eab00000,0x00000000eab00000,0x00000000eae00000)
  from space 512K, 50% used [0x00000000eaf80000,0x00000000eafc0000,0x00000000eb000000)
  to   space 512K, 0% used [0x00000000eae00000,0x00000000eae00000,0x00000000eae80000)
 ParOldGen       total 189440K, used 185023K [0x00000000c0000000, 0x00000000cb900000, 0x00000000eab00000)
  object space 189440K, 97% used [0x00000000c0000000,0x00000000cb4aff30,0x00000000cb900000)
 Metaspace       used 85485K, committed 86784K, reserved 1130496K
  class space    used 7986K, committed 8576K, reserved 1048576K
}
Event: 2715.353 GC heap before
{Heap before GC invocations=12724 (full 201):
 PSYoungGen      total 3584K, used 3328K [0x00000000eab00000, 0x00000000eb000000, 0x0000000100000000)
  eden space 3072K, 100% used [0x00000000eab00000,0x00000000eae00000,0x00000000eae00000)
  from space 512K, 50% used [0x00000000eaf80000,0x00000000eafc0000,0x00000000eb000000)
  to   space 512K, 0% used [0x00000000eae00000,0x00000000eae00000,0x00000000eae80000)
 ParOldGen       total 189440K, used 185023K [0x00000000c0000000, 0x00000000cb900000, 0x00000000eab00000)
  object space 189440K, 97% used [0x00000000c0000000,0x00000000cb4aff30,0x00000000cb900000)
 Metaspace       used 85485K, committed 86784K, reserved 1130496K
  class space    used 7986K, committed 8576K, reserved 1048576K
}
Event: 2715.355 GC heap after
{Heap after GC invocations=12724 (full 201):
 PSYoungGen      total 3584K, used 256K [0x00000000eab00000, 0x00000000eb000000, 0x0000000100000000)
  eden space 3072K, 0% used [0x00000000eab00000,0x00000000eab00000,0x00000000eae00000)
  from space 512K, 50% used [0x00000000eae00000,0x00000000eae40000,0x00000000eae80000)
  to   space 512K, 0% used [0x00000000eaf80000,0x00000000eaf80000,0x00000000eb000000)
 ParOldGen       total 189440K, used 185071K [0x00000000c0000000, 0x00000000cb900000, 0x00000000eab00000)
  object space 189440K, 97% used [0x00000000c0000000,0x00000000cb4bbf30,0x00000000cb900000)
 Metaspace       used 85485K, committed 86784K, reserved 1130496K
  class space    used 7986K, committed 8576K, reserved 1048576K
}
Event: 2715.451 GC heap before
{Heap before GC invocations=12725 (full 201):
 PSYoungGen      total 3584K, used 3328K [0x00000000eab00000, 0x00000000eb000000, 0x0000000100000000)
  eden space 3072K, 100% used [0x00000000eab00000,0x00000000eae00000,0x00000000eae00000)
  from space 512K, 50% used [0x00000000eae00000,0x00000000eae40000,0x00000000eae80000)
  to   space 512K, 0% used [0x00000000eaf80000,0x00000000eaf80000,0x00000000eb000000)
 ParOldGen       total 189440K, used 185071K [0x00000000c0000000, 0x00000000cb900000, 0x00000000eab00000)
  object space 189440K, 97% used [0x00000000c0000000,0x00000000cb4bbf30,0x00000000cb900000)
 Metaspace       used 85485K, committed 86784K, reserved 1130496K
  class space    used 7986K, committed 8576K, reserved 1048576K
}
Event: 2715.452 GC heap after
{Heap after GC invocations=12725 (full 201):
 PSYoungGen      total 3584K, used 256K [0x00000000eab00000, 0x00000000eb000000, 0x0000000100000000)
  eden space 3072K, 0% used [0x00000000eab00000,0x00000000eab00000,0x00000000eae00000)
  from space 512K, 50% used [0x00000000eaf80000,0x00000000eafc0000,0x00000000eb000000)
  to   space 512K, 0% used [0x00000000eae00000,0x00000000eae00000,0x00000000eae80000)
 ParOldGen       total 189440K, used 185127K [0x00000000c0000000, 0x00000000cb900000, 0x00000000eab00000)
  object space 189440K, 97% used [0x00000000c0000000,0x00000000cb4c9f30,0x00000000cb900000)
 Metaspace       used 85485K, committed 86784K, reserved 1130496K
  class space    used 7986K, committed 8576K, reserved 1048576K
}
Event: 2715.467 GC heap before
{Heap before GC invocations=12726 (full 201):
 PSYoungGen      total 3584K, used 3328K [0x00000000eab00000, 0x00000000eb000000, 0x0000000100000000)
  eden space 3072K, 100% used [0x00000000eab00000,0x00000000eae00000,0x00000000eae00000)
  from space 512K, 50% used [0x00000000eaf80000,0x00000000eafc0000,0x00000000eb000000)
  to   space 512K, 0% used [0x00000000eae00000,0x00000000eae00000,0x00000000eae80000)
 ParOldGen       total 189440K, used 185127K [0x00000000c0000000, 0x00000000cb900000, 0x00000000eab00000)
  object space 189440K, 97% used [0x00000000c0000000,0x00000000cb4c9f30,0x00000000cb900000)
 Metaspace       used 85485K, committed 86784K, reserved 1130496K
  class space    used 7986K, committed 8576K, reserved 1048576K
}
Event: 2715.468 GC heap after
{Heap after GC invocations=12726 (full 201):
 PSYoungGen      total 3584K, used 512K [0x00000000eab00000, 0x00000000eb000000, 0x0000000100000000)
  eden space 3072K, 0% used [0x00000000eab00000,0x00000000eab00000,0x00000000eae00000)
  from space 512K, 100% used [0x00000000eae00000,0x00000000eae80000,0x00000000eae80000)
  to   space 1024K, 0% used [0x00000000eaf00000,0x00000000eaf00000,0x00000000eb000000)
 ParOldGen       total 189440K, used 185503K [0x00000000c0000000, 0x00000000cb900000, 0x00000000eab00000)
  object space 189440K, 97% used [0x00000000c0000000,0x00000000cb527e70,0x00000000cb900000)
 Metaspace       used 85485K, committed 86784K, reserved 1130496K
  class space    used 7986K, committed 8576K, reserved 1048576K
}
Event: 2715.542 GC heap before
{Heap before GC invocations=12727 (full 201):
 PSYoungGen      total 3584K, used 3584K [0x00000000eab00000, 0x00000000eb000000, 0x0000000100000000)
  eden space 3072K, 100% used [0x00000000eab00000,0x00000000eae00000,0x00000000eae00000)
  from space 512K, 100% used [0x00000000eae00000,0x00000000eae80000,0x00000000eae80000)
  to   space 1024K, 0% used [0x00000000eaf00000,0x00000000eaf00000,0x00000000eb000000)
 ParOldGen       total 189440K, used 185503K [0x00000000c0000000, 0x00000000cb900000, 0x00000000eab00000)
  object space 189440K, 97% used [0x00000000c0000000,0x00000000cb527e70,0x00000000cb900000)
 Metaspace       used 85485K, committed 86784K, reserved 1130496K
  class space    used 7986K, committed 8576K, reserved 1048576K
}
Event: 2715.543 GC heap after
{Heap after GC invocations=12727 (full 201):
 PSYoungGen      total 4096K, used 448K [0x00000000eab00000, 0x00000000eb000000, 0x0000000100000000)
  eden space 3072K, 0% used [0x00000000eab00000,0x00000000eab00000,0x00000000eae00000)
  from space 1024K, 43% used [0x00000000eaf00000,0x00000000eaf70000,0x00000000eb000000)
  to   space 1024K, 0% used [0x00000000eae00000,0x00000000eae00000,0x00000000eaf00000)
 ParOldGen       total 189440K, used 186012K [0x00000000c0000000, 0x00000000cb900000, 0x00000000eab00000)
  object space 189440K, 98% used [0x00000000c0000000,0x00000000cb5a71c0,0x00000000cb900000)
 Metaspace       used 85485K, committed 86784K, reserved 1130496K
  class space    used 7986K, committed 8576K, reserved 1048576K
}
Event: 2715.689 GC heap before
{Heap before GC invocations=12728 (full 201):
 PSYoungGen      total 4096K, used 3520K [0x00000000eab00000, 0x00000000eb000000, 0x0000000100000000)
  eden space 3072K, 100% used [0x00000000eab00000,0x00000000eae00000,0x00000000eae00000)
  from space 1024K, 43% used [0x00000000eaf00000,0x00000000eaf70000,0x00000000eb000000)
  to   space 1024K, 0% used [0x00000000eae00000,0x00000000eae00000,0x00000000eaf00000)
 ParOldGen       total 189440K, used 186012K [0x00000000c0000000, 0x00000000cb900000, 0x00000000eab00000)
  object space 189440K, 98% used [0x00000000c0000000,0x00000000cb5a71c0,0x00000000cb900000)
 Metaspace       used 85485K, committed 86784K, reserved 1130496K
  class space    used 7986K, committed 8576K, reserved 1048576K
}
Event: 2715.691 GC heap after
{Heap after GC invocations=12728 (full 201):
 PSYoungGen      total 4096K, used 1008K [0x00000000eab00000, 0x00000000eb100000, 0x0000000100000000)
  eden space 3072K, 0% used [0x00000000eab00000,0x00000000eab00000,0x00000000eae00000)
  from space 1024K, 98% used [0x00000000eae00000,0x00000000eaefc010,0x00000000eaf00000)
  to   space 1536K, 0% used [0x00000000eaf80000,0x00000000eaf80000,0x00000000eb100000)
 ParOldGen       total 189440K, used 186168K [0x00000000c0000000, 0x00000000cb900000, 0x00000000eab00000)
  object space 189440K, 98% used [0x00000000c0000000,0x00000000cb5ce110,0x00000000cb900000)
 Metaspace       used 85485K, committed 86784K, reserved 1130496K
  class space    used 7986K, committed 8576K, reserved 1048576K
}

